<?xml version="1.0"?>
<testsuite failures="0" skipped="0" name="cucumber-js" time="10.362422098" tests="1">
  <testcase classname="Testing scenarios with data table" name="Verify data table functionality" time="10.362422098">
    <system-out><![CDATA[Given User navigates to OpenMrs page......................................passed
Given User clicks What We Do drop down....................................passed
Then User sees three available options....................................passed]]></system-out>
  </testcase>
</testsuite>